# JRE version: Java(TM) SE Runtime Environment (9.0+11) (build 9.0.4+11)
# Java VM: Java HotSpot(TM) 64-Bit Server VM (9.0.4+11, mixed mode, tiered, compressed oops, g1 gc, windows-amd64)
Heap:
 garbage-first heap   total 194560K, used 122669K [0x0000000700000000, 0x00000007001005f0, 0x00000007c0000000)
  region size 1024K, 44 young (45056K), 2 survivors (2048K)
 Metaspace       used 81882K, capacity 87817K, committed 88008K, reserved 1124352K
  class space    used 11160K, capacity 12183K, committed 12232K, reserved 1048576K
GC Heap History (10 events):
Event: 250.075 GC heap before
{Heap before GC invocations=133 (full 40):
 garbage-first heap   total 194560K, used 140510K [0x0000000700000000, 0x00000007001005f0, 0x00000007c0000000)
  region size 1024K, 60 young (61440K), 1 survivors (1024K)
 Metaspace       used 81745K, capacity 87753K, committed 88008K, reserved 1124352K
  class space    used 11160K, capacity 12183K, committed 12232K, reserved 1048576K
}
Event: 250.076 GC heap after
{Heap after GC invocations=134 (full 40):
 garbage-first heap   total 194560K, used 80092K [0x0000000700000000, 0x00000007001005f0, 0x00000007c0000000)
  region size 1024K, 1 young (1024K), 1 survivors (1024K)
 Metaspace       used 81745K, capacity 87753K, committed 88008K, reserved 1124352K
  class space    used 11160K, capacity 12183K, committed 12232K, reserved 1048576K
}
Event: 252.719 GC heap before
{Heap before GC invocations=134 (full 40):
 garbage-first heap   total 194560K, used 140508K [0x0000000700000000, 0x00000007001005f0, 0x00000007c0000000)
  region size 1024K, 60 young (61440K), 1 survivors (1024K)
 Metaspace       used 81762K, capacity 87753K, committed 88008K, reserved 1124352K
  class space    used 11160K, capacity 12183K, committed 12232K, reserved 1048576K
}
Event: 252.721 GC heap after
{Heap after GC invocations=135 (full 40):
 garbage-first heap   total 194560K, used 80209K [0x0000000700000000, 0x00000007001005f0, 0x00000007c0000000)
  region size 1024K, 1 young (1024K), 1 survivors (1024K)
 Metaspace       used 81762K, capacity 87753K, committed 88008K, reserved 1124352K
  class space    used 11160K, capacity 12183K, committed 12232K, reserved 1048576K
}
Event: 261.092 GC heap before
{Heap before GC invocations=135 (full 40):
 garbage-first heap   total 194560K, used 140625K [0x0000000700000000, 0x00000007001005f0, 0x00000007c0000000)
  region size 1024K, 60 young (61440K), 1 survivors (1024K)
 Metaspace       used 81782K, capacity 87753K, committed 88008K, reserved 1124352K
  class space    used 11160K, capacity 12183K, committed 12232K, reserved 1048576K
}
Event: 261.093 GC heap after
{Heap after GC invocations=136 (full 40):
 garbage-first heap   total 194560K, used 80785K [0x0000000700000000, 0x00000007001005f0, 0x00000007c0000000)
  region size 1024K, 2 young (2048K), 2 survivors (2048K)
 Metaspace       used 81782K, capacity 87753K, committed 88008K, reserved 1124352K
  class space    used 11160K, capacity 12183K, committed 12232K, reserved 1048576K
}
Event: 261.207 GC heap before
{Heap before GC invocations=136 (full 40):
 garbage-first heap   total 194560K, used 140177K [0x0000000700000000, 0x00000007001005f0, 0x00000007c0000000)
  region size 1024K, 60 young (61440K), 2 survivors (2048K)
 Metaspace       used 81804K, capacity 87753K, committed 88008K, reserved 1124352K
  class space    used 11160K, capacity 12183K, committed 12232K, reserved 1048576K
}
Event: 261.208 GC heap after
{Heap after GC invocations=137 (full 40):
 garbage-first heap   total 194560K, used 80428K [0x0000000700000000, 0x00000007001005f0, 0x00000007c0000000)
  region size 1024K, 1 young (1024K), 1 survivors (1024K)
 Metaspace       used 81804K, capacity 87753K, committed 88008K, reserved 1124352K
  class space    used 11160K, capacity 12183K, committed 12232K, reserved 1048576K
}
Event: 264.842 GC heap before
{Heap before GC invocations=137 (full 40):
 garbage-first heap   total 194560K, used 140844K [0x0000000700000000, 0x00000007001005f0, 0x00000007c0000000)
  region size 1024K, 60 young (61440K), 1 survivors (1024K)
 Metaspace       used 81853K, capacity 87817K, committed 88008K, reserved 1124352K
  class space    used 11160K, capacity 12183K, committed 12232K, reserved 1048576K
}
Event: 264.844 GC heap after
{Heap after GC invocations=138 (full 40):
 garbage-first heap   total 194560K, used 80685K [0x0000000700000000, 0x00000007001005f0, 0x00000007c0000000)
  region size 1024K, 2 young (2048K), 2 survivors (2048K)
 Metaspace       used 81853K, capacity 87817K, committed 88008K, reserved 1124352K
  class space    used 11160K, capacity 12183K, committed 12232K, reserved 1048576K
}

