# JRE version: Java(TM) SE Runtime Environment (9.0+11) (build 9.0.4+11)
# Java VM: Java HotSpot(TM) 64-Bit Server VM (9.0.4+11, mixed mode, tiered, compressed oops, g1 gc, windows-amd64)
Heap:
 garbage-first heap   total 157696K, used 122473K [0x0000000700000000, 0x00000007001004d0, 0x00000007c0000000)
  region size 1024K, 42 young (43008K), 1 survivors (1024K)
 Metaspace       used 82126K, capacity 88143K, committed 88220K, reserved 1126400K
  class space    used 11155K, capacity 12218K, committed 12240K, reserved 1048576K
GC Heap History (10 events):
Event: 513.876 GC heap before
{Heap before GC invocations=200 (full 18):
 garbage-first heap   total 157696K, used 142299K [0x0000000700000000, 0x00000007001004d0, 0x00000007c0000000)
  region size 1024K, 60 young (61440K), 0 survivors (0K)
 Metaspace       used 82048K, capacity 88079K, committed 88220K, reserved 1126400K
  class space    used 11155K, capacity 12218K, committed 12240K, reserved 1048576K
}
Event: 513.877 GC heap after
{Heap after GC invocations=201 (full 18):
 garbage-first heap   total 157696K, used 81345K [0x0000000700000000, 0x00000007001004d0, 0x00000007c0000000)
  region size 1024K, 1 young (1024K), 1 survivors (1024K)
 Metaspace       used 82048K, capacity 88079K, committed 88220K, reserved 1126400K
  class space    used 11155K, capacity 12218K, committed 12240K, reserved 1048576K
}
Event: 515.012 GC heap before
{Heap before GC invocations=201 (full 18):
 garbage-first heap   total 157696K, used 141761K [0x0000000700000000, 0x00000007001004d0, 0x00000007c0000000)
  region size 1024K, 60 young (61440K), 1 survivors (1024K)
 Metaspace       used 82090K, capacity 88143K, committed 88220K, reserved 1126400K
  class space    used 11155K, capacity 12218K, committed 12240K, reserved 1048576K
}
Event: 515.014 GC heap after
{Heap after GC invocations=202 (full 18):
 garbage-first heap   total 157696K, used 81496K [0x0000000700000000, 0x00000007001004d0, 0x00000007c0000000)
  region size 1024K, 1 young (1024K), 1 survivors (1024K)
 Metaspace       used 82090K, capacity 88143K, committed 88220K, reserved 1126400K
  class space    used 11155K, capacity 12218K, committed 12240K, reserved 1048576K
}
Event: 515.522 GC heap before
{Heap before GC invocations=203 (full 18):
 garbage-first heap   total 157696K, used 141912K [0x0000000700000000, 0x00000007001004d0, 0x00000007c0000000)
  region size 1024K, 60 young (61440K), 1 survivors (1024K)
 Metaspace       used 82113K, capacity 88143K, committed 88220K, reserved 1126400K
  class space    used 11155K, capacity 12218K, committed 12240K, reserved 1048576K
}
Event: 515.523 GC heap after
{Heap after GC invocations=204 (full 18):
 garbage-first heap   total 157696K, used 81472K [0x0000000700000000, 0x00000007001004d0, 0x00000007c0000000)
  region size 1024K, 1 young (1024K), 1 survivors (1024K)
 Metaspace       used 82113K, capacity 88143K, committed 88220K, reserved 1126400K
  class space    used 11155K, capacity 12218K, committed 12240K, reserved 1048576K
}
Event: 515.616 GC heap before
{Heap before GC invocations=204 (full 18):
 garbage-first heap   total 157696K, used 141888K [0x0000000700000000, 0x00000007001004d0, 0x00000007c0000000)
  region size 1024K, 60 young (61440K), 1 survivors (1024K)
 Metaspace       used 82114K, capacity 88143K, committed 88220K, reserved 1126400K
  class space    used 11155K, capacity 12218K, committed 12240K, reserved 1048576K
}
Event: 515.618 GC heap after
{Heap after GC invocations=205 (full 18):
 garbage-first heap   total 157696K, used 81443K [0x0000000700000000, 0x00000007001004d0, 0x00000007c0000000)
  region size 1024K, 1 young (1024K), 1 survivors (1024K)
 Metaspace       used 82114K, capacity 88143K, committed 88220K, reserved 1126400K
  class space    used 11155K, capacity 12218K, committed 12240K, reserved 1048576K
}
Event: 515.758 GC heap before
{Heap before GC invocations=206 (full 18):
 garbage-first heap   total 157696K, used 141859K [0x0000000700000000, 0x00000007001004d0, 0x00000007c0000000)
  region size 1024K, 60 young (61440K), 1 survivors (1024K)
 Metaspace       used 82121K, capacity 88143K, committed 88220K, reserved 1126400K
  class space    used 11155K, capacity 12218K, committed 12240K, reserved 1048576K
}
Event: 515.760 GC heap after
{Heap after GC invocations=207 (full 18):
 garbage-first heap   total 157696K, used 81513K [0x0000000700000000, 0x00000007001004d0, 0x00000007c0000000)
  region size 1024K, 1 young (1024K), 1 survivors (1024K)
 Metaspace       used 82121K, capacity 88143K, committed 88220K, reserved 1126400K
  class space    used 11155K, capacity 12218K, committed 12240K, reserved 1048576K
}

