# JRE version: Java(TM) SE Runtime Environment (9.0+11) (build 9.0.4+11)
# Java VM: Java HotSpot(TM) 64-Bit Server VM (9.0.4+11, mixed mode, tiered, compressed oops, g1 gc, windows-amd64)
Heap:
 garbage-first heap   total 191488K, used 93699K [0x0000000700000000, 0x00000007001005d8, 0x00000007c0000000)
  region size 1024K, 14 young (14336K), 1 survivors (1024K)
 Metaspace       used 81718K, capacity 87661K, committed 87964K, reserved 1124352K
  class space    used 11137K, capacity 12149K, committed 12240K, reserved 1048576K
GC Heap History (10 events):
Event: 1150.277 GC heap before
{Heap before GC invocations=132 (full 28):
 garbage-first heap   total 191488K, used 138607K [0x0000000700000000, 0x00000007001005d8, 0x00000007c0000000)
  region size 1024K, 60 young (61440K), 1 survivors (1024K)
 Metaspace       used 81472K, capacity 87309K, committed 87580K, reserved 1124352K
  class space    used 11095K, capacity 12087K, committed 12112K, reserved 1048576K
}
Event: 1150.278 GC heap after
{Heap after GC invocations=133 (full 28):
 garbage-first heap   total 191488K, used 78067K [0x0000000700000000, 0x00000007001005d8, 0x00000007c0000000)
  region size 1024K, 1 young (1024K), 1 survivors (1024K)
 Metaspace       used 81472K, capacity 87309K, committed 87580K, reserved 1124352K
  class space    used 11095K, capacity 12087K, committed 12112K, reserved 1048576K
}
Event: 1151.187 GC heap before
{Heap before GC invocations=133 (full 28):
 garbage-first heap   total 191488K, used 138483K [0x0000000700000000, 0x00000007001005d8, 0x00000007c0000000)
  region size 1024K, 60 young (61440K), 1 survivors (1024K)
 Metaspace       used 81646K, capacity 87597K, committed 87708K, reserved 1124352K
  class space    used 11131K, capacity 12149K, committed 12240K, reserved 1048576K
}
Event: 1151.189 GC heap after
{Heap after GC invocations=134 (full 28):
 garbage-first heap   total 191488K, used 78291K [0x0000000700000000, 0x00000007001005d8, 0x00000007c0000000)
  region size 1024K, 1 young (1024K), 1 survivors (1024K)
 Metaspace       used 81646K, capacity 87597K, committed 87708K, reserved 1124352K
  class space    used 11131K, capacity 12149K, committed 12240K, reserved 1048576K
}
Event: 1151.489 GC heap before
{Heap before GC invocations=134 (full 28):
 garbage-first heap   total 191488K, used 141779K [0x0000000700000000, 0x00000007001005d8, 0x00000007c0000000)
  region size 1024K, 60 young (61440K), 1 survivors (1024K)
 Metaspace       used 81663K, capacity 87597K, committed 87708K, reserved 1124352K
  class space    used 11131K, capacity 12149K, committed 12240K, reserved 1048576K
}
Event: 1151.490 GC heap after
{Heap after GC invocations=135 (full 28):
 garbage-first heap   total 191488K, used 81443K [0x0000000700000000, 0x00000007001005d8, 0x00000007c0000000)
  region size 1024K, 1 young (1024K), 1 survivors (1024K)
 Metaspace       used 81663K, capacity 87597K, committed 87708K, reserved 1124352K
  class space    used 11131K, capacity 12149K, committed 12240K, reserved 1048576K
}
Event: 1151.580 GC heap before
{Heap before GC invocations=135 (full 28):
 garbage-first heap   total 191488K, used 141859K [0x0000000700000000, 0x00000007001005d8, 0x00000007c0000000)
  region size 1024K, 60 young (61440K), 1 survivors (1024K)
 Metaspace       used 81676K, capacity 87597K, committed 87708K, reserved 1124352K
  class space    used 11131K, capacity 12149K, committed 12240K, reserved 1048576K
}
Event: 1151.582 GC heap after
{Heap after GC invocations=136 (full 28):
 garbage-first heap   total 191488K, used 81312K [0x0000000700000000, 0x00000007001005d8, 0x00000007c0000000)
  region size 1024K, 1 young (1024K), 1 survivors (1024K)
 Metaspace       used 81676K, capacity 87597K, committed 87708K, reserved 1124352K
  class space    used 11131K, capacity 12149K, committed 12240K, reserved 1048576K
}
Event: 1151.790 GC heap before
{Heap before GC invocations=136 (full 28):
 garbage-first heap   total 191488K, used 141728K [0x0000000700000000, 0x00000007001005d8, 0x00000007c0000000)
  region size 1024K, 60 young (61440K), 1 survivors (1024K)
 Metaspace       used 81714K, capacity 87661K, committed 87964K, reserved 1124352K
  class space    used 11136K, capacity 12149K, committed 12240K, reserved 1048576K
}
Event: 1151.792 GC heap after
{Heap after GC invocations=137 (full 28):
 garbage-first heap   total 191488K, used 81411K [0x0000000700000000, 0x00000007001005d8, 0x00000007c0000000)
  region size 1024K, 1 young (1024K), 1 survivors (1024K)
 Metaspace       used 81714K, capacity 87661K, committed 87964K, reserved 1124352K
  class space    used 11136K, capacity 12149K, committed 12240K, reserved 1048576K
}

