# JRE version: Java(TM) SE Runtime Environment (9.0+11) (build 9.0.4+11)
# Java VM: Java HotSpot(TM) 64-Bit Server VM (9.0.4+11, mixed mode, tiered, compressed oops, g1 gc, windows-amd64)
Heap:
 garbage-first heap   total 161792K, used 93074K [0x0000000700000000, 0x00000007001004f0, 0x00000007c0000000)
  region size 1024K, 25 young (25600K), 1 survivors (1024K)
 Metaspace       used 75609K, capacity 80611K, committed 80816K, reserved 1118208K
  class space    used 10498K, capacity 11364K, committed 11440K, reserved 1048576K
GC Heap History (10 events):
Event: 101.760 GC heap before
{Heap before GC invocations=41 (full 3):
 garbage-first heap   total 161792K, used 129828K [0x0000000700000000, 0x00000007001004f0, 0x00000007c0000000)
  region size 1024K, 60 young (61440K), 1 survivors (1024K)
 Metaspace       used 75090K, capacity 79735K, committed 79920K, reserved 1118208K
  class space    used 10421K, capacity 11244K, committed 11312K, reserved 1048576K
}
Event: 101.762 GC heap after
{Heap after GC invocations=42 (full 3):
 garbage-first heap   total 161792K, used 69441K [0x0000000700000000, 0x00000007001004f0, 0x00000007c0000000)
  region size 1024K, 1 young (1024K), 1 survivors (1024K)
 Metaspace       used 75090K, capacity 79735K, committed 79920K, reserved 1118208K
  class space    used 10421K, capacity 11244K, committed 11312K, reserved 1048576K
}
Event: 102.314 GC heap before
{Heap before GC invocations=42 (full 3):
 garbage-first heap   total 161792K, used 129857K [0x0000000700000000, 0x00000007001004f0, 0x00000007c0000000)
  region size 1024K, 60 young (61440K), 1 survivors (1024K)
 Metaspace       used 75458K, capacity 80419K, committed 80560K, reserved 1118208K
  class space    used 10490K, capacity 11364K, committed 11440K, reserved 1048576K
}
Event: 102.316 GC heap after
{Heap after GC invocations=43 (full 3):
 garbage-first heap   total 161792K, used 69700K [0x0000000700000000, 0x00000007001004f0, 0x00000007c0000000)
  region size 1024K, 1 young (1024K), 1 survivors (1024K)
 Metaspace       used 75458K, capacity 80419K, committed 80560K, reserved 1118208K
  class space    used 10490K, capacity 11364K, committed 11440K, reserved 1048576K
}
Event: 102.385 GC heap before
{Heap before GC invocations=43 (full 3):
 garbage-first heap   total 161792K, used 105540K [0x0000000700000000, 0x00000007001004f0, 0x00000007c0000000)
  region size 1024K, 34 young (34816K), 1 survivors (1024K)
 Metaspace       used 75502K, capacity 80483K, committed 80560K, reserved 1118208K
  class space    used 10490K, capacity 11364K, committed 11440K, reserved 1048576K
}
Event: 102.492 GC heap after
{Heap after GC invocations=44 (full 4):
 garbage-first heap   total 161792K, used 69264K [0x0000000700000000, 0x00000007001004f0, 0x00000007c0000000)
  region size 1024K, 0 young (0K), 0 survivors (0K)
 Metaspace       used 75502K, capacity 80483K, committed 80560K, reserved 1118208K
  class space    used 10490K, capacity 11364K, committed 11440K, reserved 1048576K
}
Event: 102.626 GC heap before
{Heap before GC invocations=44 (full 4):
 garbage-first heap   total 161792K, used 130704K [0x0000000700000000, 0x00000007001004f0, 0x00000007c0000000)
  region size 1024K, 60 young (61440K), 0 survivors (0K)
 Metaspace       used 75549K, capacity 80483K, committed 80560K, reserved 1118208K
  class space    used 10490K, capacity 11364K, committed 11440K, reserved 1048576K
}
Event: 102.628 GC heap after
{Heap after GC invocations=45 (full 4):
 garbage-first heap   total 161792K, used 69515K [0x0000000700000000, 0x00000007001004f0, 0x00000007c0000000)
  region size 1024K, 1 young (1024K), 1 survivors (1024K)
 Metaspace       used 75549K, capacity 80483K, committed 80560K, reserved 1118208K
  class space    used 10490K, capacity 11364K, committed 11440K, reserved 1048576K
}
Event: 102.762 GC heap before
{Heap before GC invocations=45 (full 4):
 garbage-first heap   total 161792K, used 129931K [0x0000000700000000, 0x00000007001004f0, 0x00000007c0000000)
  region size 1024K, 60 young (61440K), 1 survivors (1024K)
 Metaspace       used 75568K, capacity 80547K, committed 80816K, reserved 1118208K
  class space    used 10490K, capacity 11364K, committed 11440K, reserved 1048576K
}
Event: 102.763 GC heap after
{Heap after GC invocations=46 (full 4):
 garbage-first heap   total 161792K, used 69522K [0x0000000700000000, 0x00000007001004f0, 0x00000007c0000000)
  region size 1024K, 1 young (1024K), 1 survivors (1024K)
 Metaspace       used 75568K, capacity 80547K, committed 80816K, reserved 1118208K
  class space    used 10490K, capacity 11364K, committed 11440K, reserved 1048576K
}

