# JRE version: Java(TM) SE Runtime Environment (9.0+11) (build 9.0.4+11)
# Java VM: Java HotSpot(TM) 64-Bit Server VM (9.0.4+11, mixed mode, tiered, compressed oops, g1 gc, windows-amd64)
Heap:
 garbage-first heap   total 189440K, used 113372K [0x0000000700000000, 0x00000007001005c8, 0x00000007c0000000)
  region size 1024K, 43 young (44032K), 1 survivors (1024K)
 Metaspace       used 75139K, capacity 79999K, committed 80156K, reserved 1118208K
  class space    used 10475K, capacity 11328K, committed 11344K, reserved 1048576K
GC Heap History (10 events):
Event: 42.741 GC heap before
{Heap before GC invocations=35 (full 3):
 garbage-first heap   total 189440K, used 131905K [0x0000000700000000, 0x00000007001005c8, 0x00000007c0000000)
  region size 1024K, 60 young (61440K), 1 survivors (1024K)
 Metaspace       used 74910K, capacity 79799K, committed 79900K, reserved 1118208K
  class space    used 10464K, capacity 11326K, committed 11344K, reserved 1048576K
}
Event: 42.743 GC heap after
{Heap after GC invocations=36 (full 3):
 garbage-first heap   total 189440K, used 71876K [0x0000000700000000, 0x00000007001005c8, 0x00000007c0000000)
  region size 1024K, 2 young (2048K), 2 survivors (2048K)
 Metaspace       used 74910K, capacity 79799K, committed 79900K, reserved 1118208K
  class space    used 10464K, capacity 11326K, committed 11344K, reserved 1048576K
}
Event: 43.329 GC heap before
{Heap before GC invocations=36 (full 3):
 garbage-first heap   total 189440K, used 131268K [0x0000000700000000, 0x00000007001005c8, 0x00000007c0000000)
  region size 1024K, 60 young (61440K), 2 survivors (2048K)
 Metaspace       used 74971K, capacity 79871K, committed 79900K, reserved 1118208K
  class space    used 10467K, capacity 11328K, committed 11344K, reserved 1048576K
}
Event: 43.331 GC heap after
{Heap after GC invocations=37 (full 3):
 garbage-first heap   total 189440K, used 71759K [0x0000000700000000, 0x00000007001005c8, 0x00000007c0000000)
  region size 1024K, 2 young (2048K), 2 survivors (2048K)
 Metaspace       used 74971K, capacity 79871K, committed 79900K, reserved 1118208K
  class space    used 10467K, capacity 11328K, committed 11344K, reserved 1048576K
}
Event: 43.376 GC heap before
{Heap before GC invocations=37 (full 3):
 garbage-first heap   total 189440K, used 93263K [0x0000000700000000, 0x00000007001005c8, 0x00000007c0000000)
  region size 1024K, 24 young (24576K), 2 survivors (2048K)
 Metaspace       used 74989K, capacity 79871K, committed 79900K, reserved 1118208K
  class space    used 10467K, capacity 11328K, committed 11344K, reserved 1048576K
}
Event: 43.482 GC heap after
{Heap after GC invocations=38 (full 4):
 garbage-first heap   total 189440K, used 71089K [0x0000000700000000, 0x00000007001005c8, 0x00000007c0000000)
  region size 1024K, 0 young (0K), 0 survivors (0K)
 Metaspace       used 74989K, capacity 79871K, committed 79900K, reserved 1118208K
  class space    used 10467K, capacity 11328K, committed 11344K, reserved 1048576K
}
Event: 43.621 GC heap before
{Heap before GC invocations=38 (full 4):
 garbage-first heap   total 189440K, used 132529K [0x0000000700000000, 0x00000007001005c8, 0x00000007c0000000)
  region size 1024K, 60 young (61440K), 0 survivors (0K)
 Metaspace       used 75049K, capacity 79935K, committed 80156K, reserved 1118208K
  class space    used 10467K, capacity 11328K, committed 11344K, reserved 1048576K
}
Event: 43.623 GC heap after
{Heap after GC invocations=39 (full 4):
 garbage-first heap   total 189440K, used 71371K [0x0000000700000000, 0x00000007001005c8, 0x00000007c0000000)
  region size 1024K, 1 young (1024K), 1 survivors (1024K)
 Metaspace       used 75049K, capacity 79935K, committed 80156K, reserved 1118208K
  class space    used 10467K, capacity 11328K, committed 11344K, reserved 1048576K
}
Event: 43.837 GC heap before
{Heap before GC invocations=39 (full 4):
 garbage-first heap   total 189440K, used 131787K [0x0000000700000000, 0x00000007001005c8, 0x00000007c0000000)
  region size 1024K, 60 young (61440K), 1 survivors (1024K)
 Metaspace       used 75067K, capacity 79999K, committed 80156K, reserved 1118208K
  class space    used 10467K, capacity 11328K, committed 11344K, reserved 1048576K
}
Event: 43.838 GC heap after
{Heap after GC invocations=40 (full 4):
 garbage-first heap   total 189440K, used 71388K [0x0000000700000000, 0x00000007001005c8, 0x00000007c0000000)
  region size 1024K, 1 young (1024K), 1 survivors (1024K)
 Metaspace       used 75067K, capacity 79999K, committed 80156K, reserved 1118208K
  class space    used 10467K, capacity 11328K, committed 11344K, reserved 1048576K
}

