# JRE version: Java(TM) SE Runtime Environment (9.0+11) (build 9.0.4+11)
# Java VM: Java HotSpot(TM) 64-Bit Server VM (9.0.4+11, mixed mode, tiered, compressed oops, g1 gc, windows-amd64)
Heap:
 garbage-first heap   total 187392K, used 111960K [0x0000000700000000, 0x00000007001005b8, 0x00000007c0000000)
  region size 1024K, 43 young (44032K), 1 survivors (1024K)
 Metaspace       used 77821K, capacity 83215K, committed 83248K, reserved 1120256K
  class space    used 10831K, capacity 11802K, committed 11824K, reserved 1048576K
GC Heap History (10 events):
Event: 120.693 GC heap before
{Heap before GC invocations=48 (full 4):
 garbage-first heap   total 187392K, used 129976K [0x0000000700000000, 0x00000007001005b8, 0x00000007c0000000)
  region size 1024K, 60 young (61440K), 2 survivors (2048K)
 Metaspace       used 77604K, capacity 83069K, committed 83248K, reserved 1120256K
  class space    used 10818K, capacity 11797K, committed 11824K, reserved 1048576K
}
Event: 120.695 GC heap after
{Heap after GC invocations=49 (full 4):
 garbage-first heap   total 187392K, used 70496K [0x0000000700000000, 0x00000007001005b8, 0x00000007c0000000)
  region size 1024K, 1 young (1024K), 1 survivors (1024K)
 Metaspace       used 77604K, capacity 83069K, committed 83248K, reserved 1120256K
  class space    used 10818K, capacity 11797K, committed 11824K, reserved 1048576K
}
Event: 121.444 GC heap before
{Heap before GC invocations=49 (full 4):
 garbage-first heap   total 187392K, used 130912K [0x0000000700000000, 0x00000007001005b8, 0x00000007c0000000)
  region size 1024K, 60 young (61440K), 1 survivors (1024K)
 Metaspace       used 77701K, capacity 83151K, committed 83248K, reserved 1120256K
  class space    used 10823K, capacity 11802K, committed 11824K, reserved 1048576K
}
Event: 121.445 GC heap after
{Heap after GC invocations=50 (full 4):
 garbage-first heap   total 187392K, used 70523K [0x0000000700000000, 0x00000007001005b8, 0x00000007c0000000)
  region size 1024K, 1 young (1024K), 1 survivors (1024K)
 Metaspace       used 77701K, capacity 83151K, committed 83248K, reserved 1120256K
  class space    used 10823K, capacity 11802K, committed 11824K, reserved 1048576K
}
Event: 121.485 GC heap before
{Heap before GC invocations=50 (full 4):
 garbage-first heap   total 187392K, used 94075K [0x0000000700000000, 0x00000007001005b8, 0x00000007c0000000)
  region size 1024K, 22 young (22528K), 1 survivors (1024K)
 Metaspace       used 77732K, capacity 83151K, committed 83248K, reserved 1120256K
  class space    used 10823K, capacity 11802K, committed 11824K, reserved 1048576K
}
Event: 121.596 GC heap after
{Heap after GC invocations=51 (full 5):
 garbage-first heap   total 187392K, used 69684K [0x0000000700000000, 0x00000007001005b8, 0x00000007c0000000)
  region size 1024K, 0 young (0K), 0 survivors (0K)
 Metaspace       used 77732K, capacity 83151K, committed 83248K, reserved 1120256K
  class space    used 10823K, capacity 11802K, committed 11824K, reserved 1048576K
}
Event: 121.715 GC heap before
{Heap before GC invocations=51 (full 5):
 garbage-first heap   total 187392K, used 131124K [0x0000000700000000, 0x00000007001005b8, 0x00000007c0000000)
  region size 1024K, 60 young (61440K), 0 survivors (0K)
 Metaspace       used 77756K, capacity 83215K, committed 83248K, reserved 1120256K
  class space    used 10823K, capacity 11802K, committed 11824K, reserved 1048576K
}
Event: 121.716 GC heap after
{Heap after GC invocations=52 (full 5):
 garbage-first heap   total 187392K, used 69958K [0x0000000700000000, 0x00000007001005b8, 0x00000007c0000000)
  region size 1024K, 1 young (1024K), 1 survivors (1024K)
 Metaspace       used 77756K, capacity 83215K, committed 83248K, reserved 1120256K
  class space    used 10823K, capacity 11802K, committed 11824K, reserved 1048576K
}
Event: 121.864 GC heap before
{Heap before GC invocations=52 (full 5):
 garbage-first heap   total 187392K, used 130374K [0x0000000700000000, 0x00000007001005b8, 0x00000007c0000000)
  region size 1024K, 60 young (61440K), 1 survivors (1024K)
 Metaspace       used 77774K, capacity 83215K, committed 83248K, reserved 1120256K
  class space    used 10823K, capacity 11802K, committed 11824K, reserved 1048576K
}
Event: 121.865 GC heap after
{Heap after GC invocations=53 (full 5):
 garbage-first heap   total 187392K, used 69976K [0x0000000700000000, 0x00000007001005b8, 0x00000007c0000000)
  region size 1024K, 1 young (1024K), 1 survivors (1024K)
 Metaspace       used 77774K, capacity 83215K, committed 83248K, reserved 1120256K
  class space    used 10823K, capacity 11802K, committed 11824K, reserved 1048576K
}

