# JRE version: Java(TM) SE Runtime Environment (9.0+11) (build 9.0.4+11)
# Java VM: Java HotSpot(TM) 64-Bit Server VM (9.0.4+11, mixed mode, tiered, compressed oops, g1 gc, windows-amd64)
Heap:
 garbage-first heap   total 182272K, used 89719K [0x0000000700000000, 0x0000000700100590, 0x00000007c0000000)
  region size 1024K, 18 young (18432K), 2 survivors (2048K)
 Metaspace       used 79231K, capacity 85235K, committed 85372K, reserved 1122304K
  class space    used 10998K, capacity 12050K, committed 12156K, reserved 1048576K
GC Heap History (10 events):
Event: 79.463 GC heap before
{Heap before GC invocations=63 (full 5):
 garbage-first heap   total 182272K, used 133797K [0x0000000700000000, 0x0000000700100590, 0x00000007c0000000)
  region size 1024K, 60 young (61440K), 2 survivors (2048K)
 Metaspace       used 79053K, capacity 85039K, committed 85372K, reserved 1122304K
  class space    used 10991K, capacity 12050K, committed 12156K, reserved 1048576K
}
Event: 79.465 GC heap after
{Heap after GC invocations=64 (full 5):
 garbage-first heap   total 182272K, used 74397K [0x0000000700000000, 0x0000000700100590, 0x00000007c0000000)
  region size 1024K, 2 young (2048K), 2 survivors (2048K)
 Metaspace       used 79053K, capacity 85039K, committed 85372K, reserved 1122304K
  class space    used 10991K, capacity 12050K, committed 12156K, reserved 1048576K
}
Event: 80.577 GC heap before
{Heap before GC invocations=64 (full 5):
 garbage-first heap   total 182272K, used 133789K [0x0000000700000000, 0x0000000700100590, 0x00000007c0000000)
  region size 1024K, 60 young (61440K), 2 survivors (2048K)
 Metaspace       used 79165K, capacity 85103K, committed 85372K, reserved 1122304K
  class space    used 10991K, capacity 12050K, committed 12156K, reserved 1048576K
}
Event: 80.578 GC heap after
{Heap after GC invocations=65 (full 5):
 garbage-first heap   total 182272K, used 74430K [0x0000000700000000, 0x0000000700100590, 0x00000007c0000000)
  region size 1024K, 2 young (2048K), 2 survivors (2048K)
 Metaspace       used 79165K, capacity 85103K, committed 85372K, reserved 1122304K
  class space    used 10991K, capacity 12050K, committed 12156K, reserved 1048576K
}
Event: 80.901 GC heap before
{Heap before GC invocations=65 (full 5):
 garbage-first heap   total 182272K, used 133822K [0x0000000700000000, 0x0000000700100590, 0x00000007c0000000)
  region size 1024K, 60 young (61440K), 2 survivors (2048K)
 Metaspace       used 79171K, capacity 85107K, committed 85372K, reserved 1122304K
  class space    used 10991K, capacity 12050K, committed 12156K, reserved 1048576K
}
Event: 80.903 GC heap after
{Heap after GC invocations=66 (full 5):
 garbage-first heap   total 182272K, used 74235K [0x0000000700000000, 0x0000000700100590, 0x00000007c0000000)
  region size 1024K, 1 young (1024K), 1 survivors (1024K)
 Metaspace       used 79171K, capacity 85107K, committed 85372K, reserved 1122304K
  class space    used 10991K, capacity 12050K, committed 12156K, reserved 1048576K
}
Event: 81.003 GC heap before
{Heap before GC invocations=66 (full 5):
 garbage-first heap   total 182272K, used 134651K [0x0000000700000000, 0x0000000700100590, 0x00000007c0000000)
  region size 1024K, 60 young (61440K), 1 survivors (1024K)
 Metaspace       used 79181K, capacity 85107K, committed 85372K, reserved 1122304K
  class space    used 10991K, capacity 12050K, committed 12156K, reserved 1048576K
}
Event: 81.005 GC heap after
{Heap after GC invocations=67 (full 5):
 garbage-first heap   total 182272K, used 74253K [0x0000000700000000, 0x0000000700100590, 0x00000007c0000000)
  region size 1024K, 1 young (1024K), 1 survivors (1024K)
 Metaspace       used 79181K, capacity 85107K, committed 85372K, reserved 1122304K
  class space    used 10991K, capacity 12050K, committed 12156K, reserved 1048576K
}
Event: 81.259 GC heap before
{Heap before GC invocations=67 (full 5):
 garbage-first heap   total 182272K, used 134669K [0x0000000700000000, 0x0000000700100590, 0x00000007c0000000)
  region size 1024K, 60 young (61440K), 1 survivors (1024K)
 Metaspace       used 79191K, capacity 85107K, committed 85372K, reserved 1122304K
  class space    used 10991K, capacity 12050K, committed 12156K, reserved 1048576K
}
Event: 81.260 GC heap after
{Heap after GC invocations=68 (full 5):
 garbage-first heap   total 182272K, used 74359K [0x0000000700000000, 0x0000000700100590, 0x00000007c0000000)
  region size 1024K, 2 young (2048K), 2 survivors (2048K)
 Metaspace       used 79191K, capacity 85107K, committed 85372K, reserved 1122304K
  class space    used 10991K, capacity 12050K, committed 12156K, reserved 1048576K
}

